-- Install configuration: ""
-- Execute custom install script
-- Up-to-date symlink: /home/avish-ramgolam/robot_arm_ws/install/robot_arm_description/share/robot_arm_description/urdf/robot_arm.urdf.xacro
-- Up-to-date symlink: /home/avish-ramgolam/robot_arm_ws/install/robot_arm_description/share/robot_arm_description/urdf/robot_arm_expanded.urdf
-- Up-to-date symlink: /home/avish-ramgolam/robot_arm_ws/install/robot_arm_description/share/robot_arm_description/meshes/base_plate.stl
-- Up-to-date symlink: /home/avish-ramgolam/robot_arm_ws/install/robot_arm_description/share/robot_arm_description/meshes/basement.stl
-- Up-to-date symlink: /home/avish-ramgolam/robot_arm_ws/install/robot_arm_description/share/robot_arm_description/meshes/claw_support.stl
-- Up-to-date symlink: /home/avish-ramgolam/robot_arm_ws/install/robot_arm_description/share/robot_arm_description/meshes/forward_drive_arm.stl
-- Up-to-date symlink: /home/avish-ramgolam/robot_arm_ws/install/robot_arm_description/share/robot_arm_description/meshes/horizontal_arm.stl
-- Up-to-date symlink: /home/avish-ramgolam/robot_arm_ws/install/robot_arm_description/share/robot_arm_description/meshes/left_finger.stl
-- Up-to-date symlink: /home/avish-ramgolam/robot_arm_ws/install/robot_arm_description/share/robot_arm_description/meshes/link.stl
-- Up-to-date symlink: /home/avish-ramgolam/robot_arm_ws/install/robot_arm_description/share/robot_arm_description/meshes/plate.stl
-- Up-to-date symlink: /home/avish-ramgolam/robot_arm_ws/install/robot_arm_description/share/robot_arm_description/meshes/right_finger.stl
-- Up-to-date symlink: /home/avish-ramgolam/robot_arm_ws/install/robot_arm_description/share/robot_arm_description/meshes/round_plate.stl
-- Up-to-date symlink: /home/avish-ramgolam/robot_arm_ws/install/robot_arm_description/share/robot_arm_description/meshes/servo_plate.stl
-- Up-to-date symlink: /home/avish-ramgolam/robot_arm_ws/install/robot_arm_description/share/robot_arm_description/meshes/triangular_link.stl
-- Up-to-date symlink: /home/avish-ramgolam/robot_arm_ws/install/robot_arm_description/share/robot_arm_description/meshes/vertical_drive_arm.stl
-- Up-to-date symlink: /home/avish-ramgolam/robot_arm_ws/install/robot_arm_description/share/robot_arm_description/launch/display.launch.py
-- Up-to-date symlink: /home/avish-ramgolam/robot_arm_ws/install/robot_arm_description/share/robot_arm_description/config/robot_arm.rviz
-- Up-to-date symlink: /home/avish-ramgolam/robot_arm_ws/install/robot_arm_description/share/ament_index/resource_index/package_run_dependencies/robot_arm_description
-- Up-to-date symlink: /home/avish-ramgolam/robot_arm_ws/install/robot_arm_description/share/ament_index/resource_index/parent_prefix_path/robot_arm_description
-- Up-to-date symlink: /home/avish-ramgolam/robot_arm_ws/install/robot_arm_description/share/robot_arm_description/environment/ament_prefix_path.sh
-- Up-to-date symlink: /home/avish-ramgolam/robot_arm_ws/install/robot_arm_description/share/robot_arm_description/environment/ament_prefix_path.dsv
-- Up-to-date symlink: /home/avish-ramgolam/robot_arm_ws/install/robot_arm_description/share/robot_arm_description/environment/path.sh
-- Up-to-date symlink: /home/avish-ramgolam/robot_arm_ws/install/robot_arm_description/share/robot_arm_description/environment/path.dsv
-- Up-to-date symlink: /home/avish-ramgolam/robot_arm_ws/install/robot_arm_description/share/robot_arm_description/local_setup.bash
-- Up-to-date symlink: /home/avish-ramgolam/robot_arm_ws/install/robot_arm_description/share/robot_arm_description/local_setup.sh
-- Up-to-date symlink: /home/avish-ramgolam/robot_arm_ws/install/robot_arm_description/share/robot_arm_description/local_setup.zsh
-- Up-to-date symlink: /home/avish-ramgolam/robot_arm_ws/install/robot_arm_description/share/robot_arm_description/local_setup.dsv
-- Symlinking: /home/avish-ramgolam/robot_arm_ws/install/robot_arm_description/share/robot_arm_description/package.dsv
-- Up-to-date symlink: /home/avish-ramgolam/robot_arm_ws/install/robot_arm_description/share/ament_index/resource_index/packages/robot_arm_description
-- Up-to-date symlink: /home/avish-ramgolam/robot_arm_ws/install/robot_arm_description/share/robot_arm_description/cmake/robot_arm_descriptionConfig.cmake
-- Up-to-date symlink: /home/avish-ramgolam/robot_arm_ws/install/robot_arm_description/share/robot_arm_description/cmake/robot_arm_descriptionConfig-version.cmake
-- Up-to-date symlink: /home/avish-ramgolam/robot_arm_ws/install/robot_arm_description/share/robot_arm_description/package.xml
