[0.007s] Invoking command in '/home/avish-ramgolam/robot_arm_ws/build/robot_arm_description': DEBUGINFOD_URLS=https://debuginfod.ubuntu.com /usr/bin/cmake /home/avish-ramgolam/robot_arm_ws/src/robot_arm_description -DCMAKE_INSTALL_PREFIX=/home/avish-ramgolam/robot_arm_ws/install/robot_arm_description
[0.101s] -- The C compiler identification is GNU 13.3.0
[0.165s] -- The CXX compiler identification is GNU 13.3.0
[0.180s] -- Detecting C compiler ABI info
[0.246s] -- Detecting C compiler ABI info - done
[0.251s] -- Check for working C compiler: /usr/bin/cc - skipped
[0.252s] -- Detecting C compile features
[0.252s] -- Detecting C compile features - done
[0.260s] -- Detecting CXX compiler ABI info
[0.325s] -- Detecting CXX compiler ABI info - done
[0.331s] -- Check for working CXX compiler: /usr/bin/c++ - skipped
[0.331s] -- Detecting CXX compile features
[0.331s] -- Detecting CXX compile features - done
[0.340s] -- Found ament_cmake: 2.5.6 (/opt/ros/jazzy/share/ament_cmake/cmake)
[0.431s] -- Found Python3: /usr/bin/python3 (found version "3.12.3") found components: Interpreter 
[0.537s] Error parsing '/home/avish-ramgolam/robot_arm_ws/src/robot_arm_description/package.xml':
[1.367s] Traceback (most recent call last):
[1.367s]   File "/opt/ros/jazzy/share/ament_cmake_core/cmake/core/package_xml_2_cmake.py", line 150, in <module>
[1.367s]     main()
[1.367s]   File "/opt/ros/jazzy/share/ament_cmake_core/cmake/core/package_xml_2_cmake.py", line 53, in main
[1.367s]     raise e
[1.368s]   File "/opt/ros/jazzy/share/ament_cmake_core/cmake/core/package_xml_2_cmake.py", line 49, in main
[1.368s]     package = parse_package_string(
[1.368s]               ^^^^^^^^^^^^^^^^^^^^^
[1.368s]   File "/usr/lib/python3/dist-packages/catkin_pkg/package.py", line 786, in parse_package_string
[1.368s]     raise InvalidPackage('Error(s):%s' % (''.join(['\n- %s' % e for e in errors])), filename)
[1.368s] catkin_pkg.package.InvalidPackage: Error(s) in package '/home/avish-ramgolam/robot_arm_ws/src/robot_arm_description/package.xml':
[1.368s] Error(s):
[1.368s] - The generic dependency on 'xacro' is redundant with: exec_depend
[1.368s] - The generic dependency on 'robot_state_publisher' is redundant with: exec_depend
[1.368s] - The generic dependency on 'joint_state_publisher_gui' is redundant with: exec_depend
[1.368s] - The generic dependency on 'rviz2' is redundant with: exec_depend
[1.385s] [31mCMake Error at /opt/ros/jazzy/share/ament_cmake_core/cmake/core/ament_package_xml.cmake:95 (message):
[1.385s]   execute_process(/usr/bin/python3
[1.385s]   /opt/ros/jazzy/share/ament_cmake_core/cmake/core/package_xml_2_cmake.py
[1.385s]   /home/avish-ramgolam/robot_arm_ws/src/robot_arm_description/package.xml
[1.385s]   /home/avish-ramgolam/robot_arm_ws/build/robot_arm_description/ament_cmake_core/package.cmake)
[1.385s]   returned error code 1
[1.385s] Call Stack (most recent call first):
[1.385s]   /opt/ros/jazzy/share/ament_cmake_core/cmake/core/ament_package_xml.cmake:49 (_ament_package_xml)
[1.385s]   /opt/ros/jazzy/share/ament_cmake_core/cmake/core/ament_package.cmake:63 (ament_package_xml)
[1.385s]   CMakeLists.txt:12 (ament_package)
[1.385s] 
[1.385s] [0m
[1.385s] -- Configuring incomplete, errors occurred!
[1.388s] Invoked command in '/home/avish-ramgolam/robot_arm_ws/build/robot_arm_description' returned '1': DEBUGINFOD_URLS=https://debuginfod.ubuntu.com /usr/bin/cmake /home/avish-ramgolam/robot_arm_ws/src/robot_arm_description -DCMAKE_INSTALL_PREFIX=/home/avish-ramgolam/robot_arm_ws/install/robot_arm_description
