[0.004s] Invoking command in '/home/avish-ramgolam/robot_arm_ws/build/robot_arm_moveit_config': AMENT_PREFIX_PATH=/home/avish-ramgolam/robot_arm_ws/install/robot_arm_description:${AMENT_PREFIX_PATH} CMAKE_PREFIX_PATH=/home/avish-ramgolam/robot_arm_ws/install/robot_arm_description:/opt/ros/jazzy/opt/gz_math_vendor:/opt/ros/jazzy/opt/gz_utils_vendor:/opt/ros/jazzy/opt/gz_cmake_vendor:/opt/ros/jazzy DEBUGINFOD_URLS=https://debuginfod.ubuntu.com /usr/bin/cmake /home/avish-ramgolam/robot_arm_ws/src/robot_arm_moveit_config -DAMENT_CMAKE_SYMLINK_INSTALL=1 -DCMAKE_INSTALL_PREFIX=/home/avish-ramgolam/robot_arm_ws/install/robot_arm_moveit_config
[0.044s] -- The C compiler identification is GNU 13.3.0
[0.075s] -- The CXX compiler identification is GNU 13.3.0
[0.086s] -- Detecting C compiler ABI info
[0.142s] -- Detecting C compiler ABI info - done
[0.147s] -- Check for working C compiler: /usr/bin/cc - skipped
[0.147s] -- Detecting C compile features
[0.147s] -- Detecting C compile features - done
[0.154s] -- Detecting CXX compiler ABI info
[0.213s] -- Detecting CXX compiler ABI info - done
[0.220s] -- Check for working CXX compiler: /usr/bin/c++ - skipped
[0.220s] -- Detecting CXX compile features
[0.220s] -- Detecting CXX compile features - done
[0.222s] -- Found ament_cmake: 2.5.6 (/opt/ros/jazzy/share/ament_cmake/cmake)
[0.306s] -- Found Python3: /usr/bin/python3 (found version "3.12.3") found components: Interpreter 
[0.349s] -- Override CMake install command with custom implementation using symlinks instead of copying resources
[0.419s] -- Configuring done (0.4s)
[0.420s] -- Generating done (0.0s)
[0.421s] -- Build files have been written to: /home/avish-ramgolam/robot_arm_ws/build/robot_arm_moveit_config
[0.424s] Invoked command in '/home/avish-ramgolam/robot_arm_ws/build/robot_arm_moveit_config' returned '0': AMENT_PREFIX_PATH=/home/avish-ramgolam/robot_arm_ws/install/robot_arm_description:${AMENT_PREFIX_PATH} CMAKE_PREFIX_PATH=/home/avish-ramgolam/robot_arm_ws/install/robot_arm_description:/opt/ros/jazzy/opt/gz_math_vendor:/opt/ros/jazzy/opt/gz_utils_vendor:/opt/ros/jazzy/opt/gz_cmake_vendor:/opt/ros/jazzy DEBUGINFOD_URLS=https://debuginfod.ubuntu.com /usr/bin/cmake /home/avish-ramgolam/robot_arm_ws/src/robot_arm_moveit_config -DAMENT_CMAKE_SYMLINK_INSTALL=1 -DCMAKE_INSTALL_PREFIX=/home/avish-ramgolam/robot_arm_ws/install/robot_arm_moveit_config
[0.425s] Invoking command in '/home/avish-ramgolam/robot_arm_ws/build/robot_arm_moveit_config': AMENT_PREFIX_PATH=/home/avish-ramgolam/robot_arm_ws/install/robot_arm_description:${AMENT_PREFIX_PATH} CMAKE_PREFIX_PATH=/home/avish-ramgolam/robot_arm_ws/install/robot_arm_description:/opt/ros/jazzy/opt/gz_math_vendor:/opt/ros/jazzy/opt/gz_utils_vendor:/opt/ros/jazzy/opt/gz_cmake_vendor:/opt/ros/jazzy DEBUGINFOD_URLS=https://debuginfod.ubuntu.com /usr/bin/cmake --build /home/avish-ramgolam/robot_arm_ws/build/robot_arm_moveit_config -- -j16 -l16
[0.448s] Invoked command in '/home/avish-ramgolam/robot_arm_ws/build/robot_arm_moveit_config' returned '0': AMENT_PREFIX_PATH=/home/avish-ramgolam/robot_arm_ws/install/robot_arm_description:${AMENT_PREFIX_PATH} CMAKE_PREFIX_PATH=/home/avish-ramgolam/robot_arm_ws/install/robot_arm_description:/opt/ros/jazzy/opt/gz_math_vendor:/opt/ros/jazzy/opt/gz_utils_vendor:/opt/ros/jazzy/opt/gz_cmake_vendor:/opt/ros/jazzy DEBUGINFOD_URLS=https://debuginfod.ubuntu.com /usr/bin/cmake --build /home/avish-ramgolam/robot_arm_ws/build/robot_arm_moveit_config -- -j16 -l16
[0.448s] Invoking command in '/home/avish-ramgolam/robot_arm_ws/build/robot_arm_moveit_config': AMENT_PREFIX_PATH=/home/avish-ramgolam/robot_arm_ws/install/robot_arm_description:${AMENT_PREFIX_PATH} CMAKE_PREFIX_PATH=/home/avish-ramgolam/robot_arm_ws/install/robot_arm_description:/opt/ros/jazzy/opt/gz_math_vendor:/opt/ros/jazzy/opt/gz_utils_vendor:/opt/ros/jazzy/opt/gz_cmake_vendor:/opt/ros/jazzy DEBUGINFOD_URLS=https://debuginfod.ubuntu.com /usr/bin/cmake --install /home/avish-ramgolam/robot_arm_ws/build/robot_arm_moveit_config
[0.453s] -- Install configuration: ""
[0.453s] -- Execute custom install script
[0.455s] -- Symlinking: /home/avish-ramgolam/robot_arm_ws/install/robot_arm_moveit_config/share/robot_arm_moveit_config/config/joint_limits.yaml
[0.460s] -- Symlinking: /home/avish-ramgolam/robot_arm_ws/install/robot_arm_moveit_config/share/robot_arm_moveit_config/config/kinematics.yaml
[0.464s] -- Symlinking: /home/avish-ramgolam/robot_arm_ws/install/robot_arm_moveit_config/share/robot_arm_moveit_config/config/moveit_controllers.yaml
[0.470s] -- Symlinking: /home/avish-ramgolam/robot_arm_ws/install/robot_arm_moveit_config/share/robot_arm_moveit_config/config/ompl_planning.yaml
[0.474s] -- Symlinking: /home/avish-ramgolam/robot_arm_ws/install/robot_arm_moveit_config/share/robot_arm_moveit_config/config/robot_arm.srdf
[0.479s] -- Symlinking: /home/avish-ramgolam/robot_arm_ws/install/robot_arm_moveit_config/share/robot_arm_moveit_config/launch/demo.launch.py
[0.485s] -- Symlinking: /home/avish-ramgolam/robot_arm_ws/install/robot_arm_moveit_config/share/ament_index/resource_index/package_run_dependencies/robot_arm_moveit_config
[0.490s] -- Symlinking: /home/avish-ramgolam/robot_arm_ws/install/robot_arm_moveit_config/share/ament_index/resource_index/parent_prefix_path/robot_arm_moveit_config
[0.497s] -- Symlinking: /home/avish-ramgolam/robot_arm_ws/install/robot_arm_moveit_config/share/robot_arm_moveit_config/environment/ament_prefix_path.sh
[0.503s] -- Symlinking: /home/avish-ramgolam/robot_arm_ws/install/robot_arm_moveit_config/share/robot_arm_moveit_config/environment/ament_prefix_path.dsv
[0.508s] -- Symlinking: /home/avish-ramgolam/robot_arm_ws/install/robot_arm_moveit_config/share/robot_arm_moveit_config/environment/path.sh
[0.515s] -- Symlinking: /home/avish-ramgolam/robot_arm_ws/install/robot_arm_moveit_config/share/robot_arm_moveit_config/environment/path.dsv
[0.519s] -- Symlinking: /home/avish-ramgolam/robot_arm_ws/install/robot_arm_moveit_config/share/robot_arm_moveit_config/local_setup.bash
[0.524s] -- Symlinking: /home/avish-ramgolam/robot_arm_ws/install/robot_arm_moveit_config/share/robot_arm_moveit_config/local_setup.sh
[0.528s] -- Symlinking: /home/avish-ramgolam/robot_arm_ws/install/robot_arm_moveit_config/share/robot_arm_moveit_config/local_setup.zsh
[0.533s] -- Symlinking: /home/avish-ramgolam/robot_arm_ws/install/robot_arm_moveit_config/share/robot_arm_moveit_config/local_setup.dsv
[0.539s] -- Symlinking: /home/avish-ramgolam/robot_arm_ws/install/robot_arm_moveit_config/share/robot_arm_moveit_config/package.dsv
[0.546s] -- Symlinking: /home/avish-ramgolam/robot_arm_ws/install/robot_arm_moveit_config/share/ament_index/resource_index/packages/robot_arm_moveit_config
[0.550s] -- Symlinking: /home/avish-ramgolam/robot_arm_ws/install/robot_arm_moveit_config/share/robot_arm_moveit_config/cmake/robot_arm_moveit_configConfig.cmake
[0.555s] -- Symlinking: /home/avish-ramgolam/robot_arm_ws/install/robot_arm_moveit_config/share/robot_arm_moveit_config/cmake/robot_arm_moveit_configConfig-version.cmake
[0.562s] -- Symlinking: /home/avish-ramgolam/robot_arm_ws/install/robot_arm_moveit_config/share/robot_arm_moveit_config/package.xml
[0.567s] Invoked command in '/home/avish-ramgolam/robot_arm_ws/build/robot_arm_moveit_config' returned '0': AMENT_PREFIX_PATH=/home/avish-ramgolam/robot_arm_ws/install/robot_arm_description:${AMENT_PREFIX_PATH} CMAKE_PREFIX_PATH=/home/avish-ramgolam/robot_arm_ws/install/robot_arm_description:/opt/ros/jazzy/opt/gz_math_vendor:/opt/ros/jazzy/opt/gz_utils_vendor:/opt/ros/jazzy/opt/gz_cmake_vendor:/opt/ros/jazzy DEBUGINFOD_URLS=https://debuginfod.ubuntu.com /usr/bin/cmake --install /home/avish-ramgolam/robot_arm_ws/build/robot_arm_moveit_config
